<?xml version="1.0" encoding="UTF-8"?>
<!-- Generated by org.testng.reporters.JUnitReportReporter -->
<testsuite hostname="NDA-DL-MKHAN" failures="0" tests="2" name="tests.FlightSearchTest" time="33.208" errors="0" timestamp="30 Jul 2021 02:26:06 GMT" skipped="0">
  <testcase classname="tests.FlightSearchTest" name="searchFlight" time="19.707"/>
  <testcase classname="tests.FlightSearchTest" name="searchFlight" time="13.501"/>
</testsuite> <!-- tests.FlightSearchTest -->
