<?xml version="1.0" encoding="UTF-8"?>
<!-- Generated by org.testng.reporters.JUnitReportReporter -->
<testsuite skipped="0" hostname="NDA-DL-MKHAN" name="tests.FlightSearchTest" tests="2" failures="0" timestamp="29 Jul 2021 02:29:03 GMT" time="45.242" errors="0">
  <testcase name="searchFlight" time="23.968" classname="tests.FlightSearchTest"/>
  <testcase name="searchFlight" time="21.274" classname="tests.FlightSearchTest"/>
</testsuite> <!-- tests.FlightSearchTest -->
